<?xml version="1.0" encoding="UTF-8"?>
<!-- Generated by org.testng.reporters.JUnitReportReporter -->
<testsuite hostname="DESKTOP-98UN13M" failures="0" tests="1" name="testNG_TestScripts.Test004_GetTag" time="10.709" errors="0" timestamp="2021-06-15T19:19:23 IST" skipped="0">
  <testcase classname="testNG_TestScripts.Test004_GetTag" name="getelementsusingtagname" time="10.709"/>
  <system-out/>
</testsuite> <!-- testNG_TestScripts.Test004_GetTag -->
