<?xml version="1.0" encoding="UTF-8"?>
<!-- Generated by org.testng.reporters.JUnitReportReporter -->
<testsuite hostname="DESKTOP-98UN13M" failures="0" tests="3" name="testNG_TestScripts.Test003_GetName" time="6.602" errors="0" timestamp="2021-06-15T17:09:12 IST" skipped="0">
  <testcase classname="testNG_TestScripts.Test003_GetName" name="getattributesName" time="3.651"/>
  <system-out/>
  <testcase classname="testNG_TestScripts.Test003_GetName" name="getattributescheckbox" time="2.511"/>
  <system-out/>
  <testcase classname="testNG_TestScripts.Test003_GetName" name="getattributesPassword" time="0.440"/>
  <system-out/>
</testsuite> <!-- testNG_TestScripts.Test003_GetName -->
