<?xml version="1.0" encoding="UTF-8"?>
<!-- Generated by org.testng.reporters.JUnitReportReporter -->
<testsuite hostname="DESKTOP-98UN13M" failures="0" tests="2" name="testNG_TestScripts.Test001" time="9.686" errors="0" timestamp="2021-06-15T12:20:57 IST" skipped="0">
  <testcase classname="testNG_TestScripts.Test001" name="googletest" time="4.844"/>
  <system-out/>
  <testcase classname="testNG_TestScripts.Test001" name="googletest1" time="4.842"/>
  <system-out/>
</testsuite> <!-- testNG_TestScripts.Test001 -->
