<?xml version="1.0" encoding="UTF-8"?>
<!-- Generated by org.testng.reporters.JUnitReportReporter -->
<testsuite hostname="DESKTOP-98UN13M" failures="0" tests="1" name="testNG_Link.Test002_Link" time="8.976" errors="0" timestamp="2021-06-17T11:18:33 IST" skipped="0">
  <testcase classname="testNG_Link.Test002_Link" name="login" time="8.976"/>
  <system-out/>
</testsuite> <!-- testNG_Link.Test002_Link -->
