<?xml version="1.0" encoding="UTF-8"?>
<!-- Generated by org.testng.reporters.JUnitReportReporter -->
<testsuite hostname="DESKTOP-98UN13M" failures="0" tests="1" name="testNG_Link.Test_CSSSelectors" time="19.072" errors="0" timestamp="2021-06-16T08:00:00 IST" skipped="0">
  <testcase classname="testNG_Link.Test_CSSSelectors" name="login" time="19.072"/>
  <system-out/>
</testsuite> <!-- testNG_Link.Test_CSSSelectors -->
