<?xml version="1.0" encoding="UTF-8"?>
<!-- Generated by org.testng.reporters.JUnitReportReporter -->
<testsuite hostname="DESKTOP-98UN13M" failures="0" tests="1" name="testNG_TestScripts.Test002" time="2.094" errors="0" timestamp="2021-06-15T13:03:21 IST" skipped="0">
  <testcase classname="testNG_TestScripts.Test002" name="testtochecktitel" time="2.094"/>
  <system-out/>
</testsuite> <!-- testNG_TestScripts.Test002 -->
