<?xml version="1.0" encoding="UTF-8"?>
<!-- Generated by org.testng.reporters.JUnitReportReporter -->
<testsuite hostname="DESKTOP-98UN13M" failures="0" tests="1" name="testNG_Table.ExtractNoofTablesInWebPage" time="51.871" errors="0" timestamp="2021-06-17T11:42:37 IST" skipped="0">
  <testcase classname="testNG_Table.ExtractNoofTablesInWebPage" name="Extracttablesize" time="51.871"/>
  <system-out/>
</testsuite> <!-- testNG_Table.ExtractNoofTablesInWebPage -->
