<?xml version="1.0" encoding="UTF-8"?>
<!-- Generated by org.testng.reporters.JUnitReportReporter -->
<testsuite hostname="DESKTOP-98UN13M" failures="0" tests="2" name="testNG_TestScripts.Test003_GetTag" time="2.592" errors="0" timestamp="2021-06-15T19:00:30 IST" skipped="0">
  <testcase classname="testNG_TestScripts.Test003_GetTag" name="getattributeslogin" time="0.290"/>
  <system-out/>
  <testcase classname="testNG_TestScripts.Test003_GetTag" name="getattributesPanel" time="2.302"/>
  <system-out/>
</testsuite> <!-- testNG_TestScripts.Test003_GetTag -->
