<?xml version="1.0" encoding="UTF-8"?>
<!-- Generated by org.testng.reporters.JUnitReportReporter -->
<testsuite hostname="DESKTOP-98UN13M" failures="0" tests="2" name="testNG_Link.Test_Xpath" time="23.332" errors="0" timestamp="2021-06-16T16:08:59 IST" skipped="0">
  <testcase classname="testNG_Link.Test_Xpath" name="loginStatic" time="10.075"/>
  <system-out/>
  <testcase classname="testNG_Link.Test_Xpath" name="loginDynamic" time="13.257"/>
  <system-out/>
</testsuite> <!-- testNG_Link.Test_Xpath -->
