<?xml version="1.0" encoding="UTF-8"?>
<!-- Generated by org.testng.reporters.JUnitReportReporter -->
<testsuite hostname="DESKTOP-98UN13M" failures="0" tests="1" name="testNG_Login.Test001_Login" time="18.044" errors="0" timestamp="2021-06-16T06:28:03 IST" skipped="0">
  <testcase classname="testNG_Login.Test001_Login" name="login" time="18.044"/>
  <system-out/>
</testsuite> <!-- testNG_Login.Test001_Login -->
