<?xml version="1.0" encoding="UTF-8"?>
<!-- Generated by org.testng.reporters.JUnitReportReporter -->
<testsuite hostname="DESKTOP-98UN13M" failures="0" tests="1" name="testNG_Forms.RadioButtons" time="4.333" errors="0" timestamp="2021-06-17T16:54:51 IST" skipped="0">
  <testcase classname="testNG_Forms.RadioButtons" name="readradiobuttonfromautilitymethod" time="4.333"/>
  <system-out/>
</testsuite> <!-- testNG_Forms.RadioButtons -->
