<?xml version="1.0" encoding="UTF-8"?>
<!-- Generated by org.testng.reporters.JUnitReportReporter -->
<testsuite hostname="DESKTOP-98UN13M" failures="0" tests="1" name="testNG_Table.RowsAndColumns" time="13.903" errors="0" timestamp="2021-06-17T08:44:45 IST" skipped="0">
  <testcase classname="testNG_Table.RowsAndColumns" name="Extracttablesize" time="13.903"/>
  <system-out/>
</testsuite> <!-- testNG_Table.RowsAndColumns -->
