<?xml version="1.0" encoding="UTF-8"?>
<!-- Generated by org.testng.reporters.JUnitReportReporter -->
<testsuite hostname="DESKTOP-98UN13M" failures="0" tests="1" name="testNG_Forms.SelectButton" time="25.368" errors="0" timestamp="2021-06-17T18:35:15 IST" skipped="0">
  <testcase classname="testNG_Forms.SelectButton" name="selectmethod" time="25.368"/>
  <system-out/>
</testsuite> <!-- testNG_Forms.SelectButton -->
