<?xml version="1.0" encoding="UTF-8"?>
<!-- Generated by org.testng.reporters.JUnitReportReporter -->
<testsuite hostname="DESKTOP-98UN13M" failures="0" tests="3" name="testNG_TestScripts.Test003" time="2.161" errors="0" timestamp="2021-06-15T16:16:50 IST" skipped="0">
  <testcase classname="testNG_TestScripts.Test003" name="getattributesSubmit" time="0.350"/>
  <system-out/>
  <testcase classname="testNG_TestScripts.Test003" name="getattributesName" time="1.584"/>
  <system-out/>
  <testcase classname="testNG_TestScripts.Test003" name="getattributesPassword" time="0.227"/>
  <system-out/>
</testsuite> <!-- testNG_TestScripts.Test003 -->
