<?xml version="1.0" encoding="UTF-8"?>
<!-- Generated by org.testng.reporters.JUnitReportReporter -->
<testsuite hostname="DESKTOP-98UN13M" failures="0" tests="1" name="testNG_Table.RowsAndColumnswithoutID" time="8.114" errors="0" timestamp="2021-06-17T11:47:42 IST" skipped="0">
  <testcase classname="testNG_Table.RowsAndColumnswithoutID" name="Extracttablesize" time="8.114"/>
  <system-out/>
</testsuite> <!-- testNG_Table.RowsAndColumnswithoutID -->
