<?xml version="1.0" encoding="UTF-8"?>
<!-- Generated by org.testng.reporters.JUnitReportReporter -->
<testsuite hostname="DESKTOP-98UN13M" failures="0" tests="1" name="testNG_Table.Table_size" time="13.009" errors="0" timestamp="2021-06-17T08:40:37 IST" skipped="0">
  <testcase classname="testNG_Table.Table_size" name="Extracttablesize" time="13.009"/>
  <system-out/>
</testsuite> <!-- testNG_Table.Table_size -->
