<?xml version="1.0" encoding="UTF-8"?>
<!-- Generated by org.testng.reporters.JUnitReportReporter -->
<testsuite hostname="DESKTOP-98UN13M" failures="0" tests="1" name="testNG_Link.Test_ExtractAllInputTexts" time="32.064" errors="0" timestamp="2021-06-17T12:58:16 IST" skipped="0">
  <testcase classname="testNG_Link.Test_ExtractAllInputTexts" name="login" time="32.064"/>
  <system-out/>
</testsuite> <!-- testNG_Link.Test_ExtractAllInputTexts -->
