<?xml version="1.0" encoding="UTF-8"?>
<!-- Generated by org.testng.reporters.JUnitReportReporter -->
<testsuite hostname="DESKTOP-98UN13M" failures="0" tests="1" name="testNG_Link.Test001_Link" time="13.673" errors="0" timestamp="2021-06-16T06:52:45 IST" skipped="0">
  <testcase classname="testNG_Link.Test001_Link" name="login" time="13.673"/>
  <system-out/>
</testsuite> <!-- testNG_Link.Test001_Link -->
