<?xml version="1.0" encoding="UTF-8"?>
<!-- Generated by org.testng.reporters.JUnitReportReporter -->
<testsuite hostname="DESKTOP-98UN13M" failures="0" tests="1" name="testNG_Link.Test_Class" time="9.905" errors="0" timestamp="2021-06-16T07:21:27 IST" skipped="0">
  <testcase classname="testNG_Link.Test_Class" name="login" time="9.905"/>
  <system-out/>
</testsuite> <!-- testNG_Link.Test_Class -->
