<?xml version="1.0" encoding="UTF-8"?>
<!-- Generated by org.testng.reporters.JUnitReportReporter -->
<testsuite hostname="DESKTOP-98UN13M" failures="0" tests="1" name="testNG_Forms.Test_formsTextarea" time="20.143" errors="0" timestamp="2021-06-17T15:30:49 IST" skipped="0">
  <testcase classname="testNG_Forms.Test_formsTextarea" name="textArea" time="20.143"/>
  <system-out/>
</testsuite> <!-- testNG_Forms.Test_formsTextarea -->
