<?xml version="1.0" encoding="UTF-8"?>
<!-- Generated by org.testng.reporters.JUnitReportReporter -->
<testsuite hostname="DESKTOP-98UN13M" failures="0" tests="1" name="testNG_Forms.Test_formsCheckbox" time="15.409" errors="0" timestamp="2021-06-17T16:11:38 IST" skipped="0">
  <testcase classname="testNG_Forms.Test_formsCheckbox" name="Checkbox" time="15.409"/>
  <system-out/>
</testsuite> <!-- testNG_Forms.Test_formsCheckbox -->
