<?xml version="1.0" encoding="UTF-8"?>
<!-- Generated by org.testng.reporters.JUnitReportReporter -->
<testsuite hostname="DESKTOP-98UN13M" failures="0" tests="1" name="testNG_Link.Test_XpathDom" time="12.334" errors="0" timestamp="2021-06-17T12:05:45 IST" skipped="0">
  <testcase classname="testNG_Link.Test_XpathDom" name="loginStatic" time="12.334"/>
  <system-out/>
</testsuite> <!-- testNG_Link.Test_XpathDom -->
