<?xml version="1.0" encoding="UTF-8"?>
<!-- Generated by org.testng.reporters.JUnitReportReporter -->
<testsuite hostname="DESKTOP-98UN13M" failures="0" tests="1" name="testNG_Forms.RadioButtonsEnableValue" time="17.533" errors="0" timestamp="2021-06-17T17:12:59 IST" skipped="0">
  <testcase classname="testNG_Forms.RadioButtonsEnableValue" name="readradiobuttonfromautilitymethod" time="17.533"/>
  <system-out/>
</testsuite> <!-- testNG_Forms.RadioButtonsEnableValue -->
